0 info it worked if it ends with ok
1 verbose cli [ '/usr/bin/node', '/usr/bin/npm', 'install' ]
2 info using npm@3.5.2
3 info using node@v10.12.0
4 verbose stack Error: Cannot find module 'ansi'
4 verbose stack     at Function.Module._resolveFilename (internal/modules/cjs/loader.js:580:15)
4 verbose stack     at Function.Module._load (internal/modules/cjs/loader.js:506:25)
4 verbose stack     at Module.require (internal/modules/cjs/loader.js:636:17)
4 verbose stack     at require (internal/modules/cjs/helpers.js:20:18)
4 verbose stack     at Object.<anonymous> (/usr/share/npm/lib/ls.js:15:13)
4 verbose stack     at Module._compile (internal/modules/cjs/loader.js:688:30)
4 verbose stack     at Object.Module._extensions..js (internal/modules/cjs/loader.js:699:10)
4 verbose stack     at Module.load (internal/modules/cjs/loader.js:598:32)
4 verbose stack     at tryModuleLoad (internal/modules/cjs/loader.js:537:12)
4 verbose stack     at Function.Module._load (internal/modules/cjs/loader.js:529:3)
5 verbose cwd /home/tomone/elm/chat-room
6 error Linux 4.15.0-20-generic
7 error argv "/usr/bin/node" "/usr/bin/npm" "install"
8 error node v10.12.0
9 error npm  v3.5.2
10 error code MODULE_NOT_FOUND
11 error Cannot find module 'ansi'
12 error If you need help, you may report this error at:
12 error     <https://github.com/npm/npm/issues>
13 verbose exit [ 1, true ]
